[2020-10-23 11:37:45,713] [INFO ] [MSC service thread 1-12] [dk.itst.oiosaml.configuration.FileConfiguration] Config filename: /pack/oiosaml/oiosaml-sp.properties
[2020-10-23 11:37:45,717] [INFO ] [MSC service thread 1-12] [dk.itst.oiosaml.configuration.FileConfiguration] Looking in : /pack/oiosaml/oiosaml-sp.properties
[2020-10-23 11:37:45,727] [INFO ] [MSC service thread 1-12] [dk.itst.oiosaml.configuration.FileConfiguration] Loading urn:oasis:names:tc:SAML:2.0:protocol metadata from /pack/oiosaml/./metadata/IdP/IdPMetadata.xml
[2020-10-23 11:37:45,924] [INFO ] [MSC service thread 1-12] [dk.itst.oiosaml.sp.metadata.CRLChecker] Starting CRL checker, running with 600 seconds interval. Checking 1 certificates
[2020-10-23 11:37:45,930] [INFO ] [MSC service thread 1-12] [dk.itst.oiosaml.sp.service.SPFilter] Discovery profile disabled, only one metadata file found
[2020-10-23 11:37:45,988] [INFO ] [MSC service thread 1-12] [dk.itst.oiosaml.sp.service.SPFilter] Home url: 
[2020-10-23 11:37:45,991] [INFO ] [MSC service thread 1-12] [dk.itst.oiosaml.sp.service.SPFilter] Assurance level: 2
[2020-10-23 11:37:45,997] [INFO ] [MSC service thread 1-12] [dk.itst.oiosaml.sp.service.SPFilter] SP entity ID: http://saml.localhost/maternity-web
[2020-10-23 11:37:46,000] [INFO ] [MSC service thread 1-12] [dk.itst.oiosaml.sp.service.SPFilter] Base hostname: http://localhost:8280
[2020-10-23 11:37:46,960] [WARN ] [CRLChecker] [dk.itst.oiosaml.sp.metadata.CRLChecker] Unexpected error while validating certificate using OCSP.
java.lang.RuntimeException: No OCSP access location could be found for http://fmkwebtest.trifork.netic.dk/idp/saml2/idp/metadata.php
	at dk.itst.oiosaml.sp.metadata.CRLChecker.doOCSPCheck(CRLChecker.java:258)
	at dk.itst.oiosaml.sp.metadata.CRLChecker.checkCertificate(CRLChecker.java:209)
	at dk.itst.oiosaml.sp.metadata.CRLChecker.access$000(CRLChecker.java:95)
	at dk.itst.oiosaml.sp.metadata.CRLChecker$1.call(CRLChecker.java:121)
	at dk.itst.oiosaml.sp.metadata.CRLChecker$1.call(CRLChecker.java:119)
	at org.fishwife.jrugged.CircuitBreaker.invoke(CircuitBreaker.java:240)
	at dk.itst.oiosaml.sp.metadata.CRLChecker.checkCertificates(CRLChecker.java:119)
	at dk.itst.oiosaml.sp.metadata.CRLChecker$2.run(CRLChecker.java:602)
	at java.util.TimerThread.mainLoop(Timer.java:555)
	at java.util.TimerThread.run(Timer.java:505)
[2020-10-23 11:37:46,982] [WARN ] [CRLChecker] [dk.itst.oiosaml.sp.metadata.CRLChecker] Unexpected error while validating certificate using CRL.
java.lang.RuntimeException: No OCSP access location could be found for http://fmkwebtest.trifork.netic.dk/idp/saml2/idp/metadata.php
	at dk.itst.oiosaml.sp.metadata.CRLChecker.doOCSPCheck(CRLChecker.java:258)
	at dk.itst.oiosaml.sp.metadata.CRLChecker.checkCertificate(CRLChecker.java:209)
	at dk.itst.oiosaml.sp.metadata.CRLChecker.access$000(CRLChecker.java:95)
	at dk.itst.oiosaml.sp.metadata.CRLChecker$1.call(CRLChecker.java:121)
	at dk.itst.oiosaml.sp.metadata.CRLChecker$1.call(CRLChecker.java:119)
	at org.fishwife.jrugged.CircuitBreaker.invoke(CircuitBreaker.java:240)
	at dk.itst.oiosaml.sp.metadata.CRLChecker.checkCertificates(CRLChecker.java:119)
	at dk.itst.oiosaml.sp.metadata.CRLChecker$2.run(CRLChecker.java:602)
	at java.util.TimerThread.mainLoop(Timer.java:555)
	at java.util.TimerThread.run(Timer.java:505)
[2020-10-23 11:37:52,002] [WARN ] [CRLChecker] [dk.itst.oiosaml.sp.metadata.CRLChecker] Unexpected error while validating certificate using OCSP.
java.lang.RuntimeException: No OCSP access location could be found for http://fmkwebtest.trifork.netic.dk/idp/saml2/idp/metadata.php
	at dk.itst.oiosaml.sp.metadata.CRLChecker.doOCSPCheck(CRLChecker.java:258)
	at dk.itst.oiosaml.sp.metadata.CRLChecker.checkCertificate(CRLChecker.java:209)
	at dk.itst.oiosaml.sp.metadata.CRLChecker.access$000(CRLChecker.java:95)
	at dk.itst.oiosaml.sp.metadata.CRLChecker$1.call(CRLChecker.java:121)
	at dk.itst.oiosaml.sp.metadata.CRLChecker$1.call(CRLChecker.java:119)
	at org.fishwife.jrugged.CircuitBreaker.invoke(CircuitBreaker.java:240)
	at dk.itst.oiosaml.sp.metadata.CRLChecker.checkCertificates(CRLChecker.java:119)
	at dk.itst.oiosaml.sp.metadata.CRLChecker$2.run(CRLChecker.java:602)
	at java.util.TimerThread.mainLoop(Timer.java:555)
	at java.util.TimerThread.run(Timer.java:505)
[2020-10-23 11:37:52,018] [WARN ] [CRLChecker] [dk.itst.oiosaml.sp.metadata.CRLChecker] Unexpected error while validating certificate using CRL.
java.lang.RuntimeException: No OCSP access location could be found for http://fmkwebtest.trifork.netic.dk/idp/saml2/idp/metadata.php
	at dk.itst.oiosaml.sp.metadata.CRLChecker.doOCSPCheck(CRLChecker.java:258)
	at dk.itst.oiosaml.sp.metadata.CRLChecker.checkCertificate(CRLChecker.java:209)
	at dk.itst.oiosaml.sp.metadata.CRLChecker.access$000(CRLChecker.java:95)
	at dk.itst.oiosaml.sp.metadata.CRLChecker$1.call(CRLChecker.java:121)
	at dk.itst.oiosaml.sp.metadata.CRLChecker$1.call(CRLChecker.java:119)
	at org.fishwife.jrugged.CircuitBreaker.invoke(CircuitBreaker.java:240)
	at dk.itst.oiosaml.sp.metadata.CRLChecker.checkCertificates(CRLChecker.java:119)
	at dk.itst.oiosaml.sp.metadata.CRLChecker$2.run(CRLChecker.java:602)
	at java.util.TimerThread.mainLoop(Timer.java:555)
	at java.util.TimerThread.run(Timer.java:505)
[2020-10-23 11:37:57,032] [WARN ] [CRLChecker] [dk.itst.oiosaml.sp.metadata.CRLChecker] Unexpected error while validating certificate using OCSP.
java.lang.RuntimeException: No OCSP access location could be found for http://fmkwebtest.trifork.netic.dk/idp/saml2/idp/metadata.php
	at dk.itst.oiosaml.sp.metadata.CRLChecker.doOCSPCheck(CRLChecker.java:258)
	at dk.itst.oiosaml.sp.metadata.CRLChecker.checkCertificate(CRLChecker.java:209)
	at dk.itst.oiosaml.sp.metadata.CRLChecker.access$000(CRLChecker.java:95)
	at dk.itst.oiosaml.sp.metadata.CRLChecker$1.call(CRLChecker.java:121)
	at dk.itst.oiosaml.sp.metadata.CRLChecker$1.call(CRLChecker.java:119)
	at org.fishwife.jrugged.CircuitBreaker.invoke(CircuitBreaker.java:240)
	at dk.itst.oiosaml.sp.metadata.CRLChecker.checkCertificates(CRLChecker.java:119)
	at dk.itst.oiosaml.sp.metadata.CRLChecker$2.run(CRLChecker.java:602)
	at java.util.TimerThread.mainLoop(Timer.java:555)
	at java.util.TimerThread.run(Timer.java:505)
[2020-10-23 11:37:57,044] [WARN ] [CRLChecker] [dk.itst.oiosaml.sp.metadata.CRLChecker] Unexpected error while validating certificate using CRL.
java.lang.RuntimeException: No OCSP access location could be found for http://fmkwebtest.trifork.netic.dk/idp/saml2/idp/metadata.php
	at dk.itst.oiosaml.sp.metadata.CRLChecker.doOCSPCheck(CRLChecker.java:258)
	at dk.itst.oiosaml.sp.metadata.CRLChecker.checkCertificate(CRLChecker.java:209)
	at dk.itst.oiosaml.sp.metadata.CRLChecker.access$000(CRLChecker.java:95)
	at dk.itst.oiosaml.sp.metadata.CRLChecker$1.call(CRLChecker.java:121)
	at dk.itst.oiosaml.sp.metadata.CRLChecker$1.call(CRLChecker.java:119)
	at org.fishwife.jrugged.CircuitBreaker.invoke(CircuitBreaker.java:240)
	at dk.itst.oiosaml.sp.metadata.CRLChecker.checkCertificates(CRLChecker.java:119)
	at dk.itst.oiosaml.sp.metadata.CRLChecker$2.run(CRLChecker.java:602)
	at java.util.TimerThread.mainLoop(Timer.java:555)
	at java.util.TimerThread.run(Timer.java:505)
[2020-10-23 11:37:57,636] [INFO ] [default task-1] [dk.itst.oiosaml.sp.service.session.SessionCleaner] Starting session cleaner
[2020-10-23 11:37:57,828] [INFO ] [default task-1] [dk.itst.oiosaml.sp.service.LoginHandler] Using idp http://fmkwebtest.trifork.netic.dk/idp/saml2/idp/metadata.php at http://fmkwebtest.trifork.netic.dk/idp/saml2/idp/SSOService.php with binding urn:oasis:names:tc:SAML:2.0:bindings:HTTP-Redirect
[2020-10-23 11:37:57,915] [INFO ] [default task-1] [dk.itst.oiosaml.configuration.FileConfiguration] Config filename: /pack/oiosaml/oiosaml-sp.properties
[2020-10-23 11:37:57,918] [INFO ] [default task-1] [dk.itst.oiosaml.configuration.FileConfiguration] Looking in : /pack/oiosaml/oiosaml-sp.properties
[2020-10-23 11:37:57,920] [INFO ] [default task-1] [dk.itst.oiosaml.configuration.FileConfiguration] Config filename: /pack/oiosaml/oiosaml-sp.properties
[2020-10-23 11:37:57,924] [INFO ] [default task-1] [dk.itst.oiosaml.configuration.FileConfiguration] Looking in : /pack/oiosaml/oiosaml-sp.properties
[2020-10-23 11:37:58,127] [INFO ] [default task-2] [dk.itst.oiosaml.sp.service.LoginHandler] Using idp http://fmkwebtest.trifork.netic.dk/idp/saml2/idp/metadata.php at http://fmkwebtest.trifork.netic.dk/idp/saml2/idp/SSOService.php with binding urn:oasis:names:tc:SAML:2.0:bindings:HTTP-Redirect
[2020-10-23 11:37:58,131] [INFO ] [default task-2] [dk.itst.oiosaml.configuration.FileConfiguration] Config filename: /pack/oiosaml/oiosaml-sp.properties
[2020-10-23 11:37:58,134] [INFO ] [default task-2] [dk.itst.oiosaml.configuration.FileConfiguration] Looking in : /pack/oiosaml/oiosaml-sp.properties
[2020-10-23 11:37:58,138] [INFO ] [default task-2] [dk.itst.oiosaml.configuration.FileConfiguration] Config filename: /pack/oiosaml/oiosaml-sp.properties
[2020-10-23 11:37:58,142] [INFO ] [default task-2] [dk.itst.oiosaml.configuration.FileConfiguration] Looking in : /pack/oiosaml/oiosaml-sp.properties
[2020-10-23 11:38:02,065] [WARN ] [CRLChecker] [dk.itst.oiosaml.sp.metadata.CRLChecker] Unexpected error while validating certificate using OCSP.
java.lang.RuntimeException: No OCSP access location could be found for http://fmkwebtest.trifork.netic.dk/idp/saml2/idp/metadata.php
	at dk.itst.oiosaml.sp.metadata.CRLChecker.doOCSPCheck(CRLChecker.java:258)
	at dk.itst.oiosaml.sp.metadata.CRLChecker.checkCertificate(CRLChecker.java:209)
	at dk.itst.oiosaml.sp.metadata.CRLChecker.access$000(CRLChecker.java:95)
	at dk.itst.oiosaml.sp.metadata.CRLChecker$1.call(CRLChecker.java:121)
	at dk.itst.oiosaml.sp.metadata.CRLChecker$1.call(CRLChecker.java:119)
	at org.fishwife.jrugged.CircuitBreaker.invoke(CircuitBreaker.java:240)
	at dk.itst.oiosaml.sp.metadata.CRLChecker.checkCertificates(CRLChecker.java:119)
	at dk.itst.oiosaml.sp.metadata.CRLChecker$2.run(CRLChecker.java:602)
	at java.util.TimerThread.mainLoop(Timer.java:555)
	at java.util.TimerThread.run(Timer.java:505)
[2020-10-23 11:38:02,079] [WARN ] [CRLChecker] [dk.itst.oiosaml.sp.metadata.CRLChecker] Unexpected error while validating certificate using CRL.
java.lang.RuntimeException: No OCSP access location could be found for http://fmkwebtest.trifork.netic.dk/idp/saml2/idp/metadata.php
	at dk.itst.oiosaml.sp.metadata.CRLChecker.doOCSPCheck(CRLChecker.java:258)
	at dk.itst.oiosaml.sp.metadata.CRLChecker.checkCertificate(CRLChecker.java:209)
	at dk.itst.oiosaml.sp.metadata.CRLChecker.access$000(CRLChecker.java:95)
	at dk.itst.oiosaml.sp.metadata.CRLChecker$1.call(CRLChecker.java:121)
	at dk.itst.oiosaml.sp.metadata.CRLChecker$1.call(CRLChecker.java:119)
	at org.fishwife.jrugged.CircuitBreaker.invoke(CircuitBreaker.java:240)
	at dk.itst.oiosaml.sp.metadata.CRLChecker.checkCertificates(CRLChecker.java:119)
	at dk.itst.oiosaml.sp.metadata.CRLChecker$2.run(CRLChecker.java:602)
	at java.util.TimerThread.mainLoop(Timer.java:555)
	at java.util.TimerThread.run(Timer.java:505)
[2020-10-23 11:38:11,575] [INFO ] [default task-3] [dk.itst.oiosaml.helper.DeveloperHelper] 

 *****************************************************************************
 *   DEVELOPER HINT   - the message below might explain the error            *
 *****************************************************************************
 * It is not possible to validate the signature on the assertion, because    *
 * there are no valid certificates to check the signature against. This      *
 * might be because revocation checking has failed on the IdP certificates   *
 *****************************************************************************


[2020-10-23 11:38:11,598] [ERROR] [default task-3] [dk.itst.oiosaml.sp.service.DispatcherServlet] Unable to validate Response
dk.itst.oiosaml.sp.model.validation.ValidationException: The assertion is not signed correctly
	at dk.itst.oiosaml.sp.model.OIOResponse.validateAssertionSignature(OIOResponse.java:109)
	at dk.itst.oiosaml.sp.service.SAMLAssertionConsumerHandler.handleSAMLResponse(SAMLAssertionConsumerHandler.java:137)
	at dk.itst.oiosaml.sp.service.SAMLAssertionConsumerHandler.handlePost(SAMLAssertionConsumerHandler.java:97)
	at dk.itst.oiosaml.sp.service.DispatcherServlet.doPost(DispatcherServlet.java:222)
	at javax.servlet.http.HttpServlet.service(HttpServlet.java:707)
	at javax.servlet.http.HttpServlet.service(HttpServlet.java:790)
	at io.undertow.servlet.handlers.ServletHandler.handleRequest(ServletHandler.java:86)
	at io.undertow.servlet.handlers.FilterHandler$FilterChainImpl.doFilter(FilterHandler.java:130)
	at dk.sds.nsp.maternity.facade.common.servlet.SlaLoggingFilter.doFilter(SlaLoggingFilter.java:25)
	at io.undertow.servlet.core.ManagedFilter.doFilter(ManagedFilter.java:60)
	at io.undertow.servlet.handlers.FilterHandler$FilterChainImpl.doFilter(FilterHandler.java:132)
	at dk.sds.maternity.saml.auth.CustomSPFilter.doFilter(CustomSPFilter.java:128)
	at io.undertow.servlet.core.ManagedFilter.doFilter(ManagedFilter.java:60)
	at io.undertow.servlet.handlers.FilterHandler$FilterChainImpl.doFilter(FilterHandler.java:132)
	at dk.sds.maternity.saml.auth.CustomSPFilter.doFilter(CustomSPFilter.java:128)
	at io.undertow.servlet.core.ManagedFilter.doFilter(ManagedFilter.java:60)
	at io.undertow.servlet.handlers.FilterHandler$FilterChainImpl.doFilter(FilterHandler.java:132)
	at io.undertow.servlet.handlers.FilterHandler.handleRequest(FilterHandler.java:85)
	at io.undertow.servlet.handlers.security.ServletSecurityRoleHandler.handleRequest(ServletSecurityRoleHandler.java:62)
	at io.undertow.servlet.handlers.ServletDispatchingHandler.handleRequest(ServletDispatchingHandler.java:36)
	at org.wildfly.extension.undertow.security.SecurityContextAssociationHandler.handleRequest(SecurityContextAssociationHandler.java:78)
	at io.undertow.server.handlers.PredicateHandler.handleRequest(PredicateHandler.java:43)
	at dk.sds.nsp.accesshandler.NspServletHandler.handleRequest(NspServletHandler.java:122)
	at io.undertow.server.handlers.PathHandler.handleRequest(PathHandler.java:56)
	at io.undertow.servlet.handlers.security.SSLInformationAssociationHandler.handleRequest(SSLInformationAssociationHandler.java:131)
	at io.undertow.servlet.handlers.security.ServletAuthenticationCallHandler.handleRequest(ServletAuthenticationCallHandler.java:57)
	at io.undertow.server.handlers.PredicateHandler.handleRequest(PredicateHandler.java:43)
	at io.undertow.security.handlers.AbstractConfidentialityHandler.handleRequest(AbstractConfidentialityHandler.java:46)
	at io.undertow.servlet.handlers.security.ServletConfidentialityConstraintHandler.handleRequest(ServletConfidentialityConstraintHandler.java:64)
	at io.undertow.security.handlers.AuthenticationMechanismsHandler.handleRequest(AuthenticationMechanismsHandler.java:58)
	at io.undertow.servlet.handlers.security.CachedAuthenticatedSessionHandler.handleRequest(CachedAuthenticatedSessionHandler.java:70)
	at io.undertow.security.handlers.SecurityInitialHandler.handleRequest(SecurityInitialHandler.java:76)
	at io.undertow.server.handlers.PredicateHandler.handleRequest(PredicateHandler.java:43)
	at org.wildfly.extension.undertow.security.jacc.JACCContextIdHandler.handleRequest(JACCContextIdHandler.java:61)
	at io.undertow.server.handlers.PredicateHandler.handleRequest(PredicateHandler.java:43)
	at io.undertow.server.handlers.PredicateHandler.handleRequest(PredicateHandler.java:43)
	at io.undertow.servlet.handlers.ServletInitialHandler.handleFirstRequest(ServletInitialHandler.java:261)
	at io.undertow.servlet.handlers.ServletInitialHandler.dispatchRequest(ServletInitialHandler.java:248)
	at io.undertow.servlet.handlers.ServletInitialHandler.access$000(ServletInitialHandler.java:77)
	at io.undertow.servlet.handlers.ServletInitialHandler$1.handleRequest(ServletInitialHandler.java:167)
	at io.undertow.server.Connectors.executeRootHandler(Connectors.java:199)
	at io.undertow.server.HttpServerExchange$1.run(HttpServerExchange.java:761)
	at java.util.concurrent.ThreadPoolExecutor.runWorker(ThreadPoolExecutor.java:1149)
	at java.util.concurrent.ThreadPoolExecutor$Worker.run(ThreadPoolExecutor.java:624)
	at java.lang.Thread.run(Thread.java:748)
[2020-10-23 11:38:11,755] [INFO ] [default task-4] [dk.itst.oiosaml.sp.service.LoginHandler] Using idp http://fmkwebtest.trifork.netic.dk/idp/saml2/idp/metadata.php at http://fmkwebtest.trifork.netic.dk/idp/saml2/idp/SSOService.php with binding urn:oasis:names:tc:SAML:2.0:bindings:HTTP-Redirect
[2020-10-23 11:38:11,763] [INFO ] [default task-4] [dk.itst.oiosaml.configuration.FileConfiguration] Config filename: /pack/oiosaml/oiosaml-sp.properties
[2020-10-23 11:38:11,767] [INFO ] [default task-4] [dk.itst.oiosaml.configuration.FileConfiguration] Looking in : /pack/oiosaml/oiosaml-sp.properties
[2020-10-23 11:38:11,771] [INFO ] [default task-4] [dk.itst.oiosaml.configuration.FileConfiguration] Config filename: /pack/oiosaml/oiosaml-sp.properties
[2020-10-23 11:38:11,774] [INFO ] [default task-4] [dk.itst.oiosaml.configuration.FileConfiguration] Looking in : /pack/oiosaml/oiosaml-sp.properties
[2020-10-23 11:40:20,620] [INFO ] [MSC service thread 1-12] [dk.itst.oiosaml.sp.metadata.CRLChecker] Stopping CRL checker
[2020-10-23 11:40:53,016] [INFO ] [MSC service thread 1-4] [dk.itst.oiosaml.configuration.FileConfiguration] Config filename: /pack/oiosaml/oiosaml-sp.properties
[2020-10-23 11:40:53,024] [INFO ] [MSC service thread 1-4] [dk.itst.oiosaml.configuration.FileConfiguration] Looking in : /pack/oiosaml/oiosaml-sp.properties
[2020-10-23 11:40:53,030] [WARN ] [MSC service thread 1-4] [dk.itst.oiosaml.sp.service.SPFilter] Revocation check of IdP certificates has been disabled. All certificates including self signed certificates will be considered valid.
[2020-10-23 11:40:53,044] [INFO ] [MSC service thread 1-4] [dk.itst.oiosaml.configuration.FileConfiguration] Loading urn:oasis:names:tc:SAML:2.0:protocol metadata from /pack/oiosaml/./metadata/IdP/IdPMetadata.xml
[2020-10-23 11:40:53,358] [INFO ] [MSC service thread 1-4] [dk.itst.oiosaml.sp.service.SPFilter] Discovery profile disabled, only one metadata file found
[2020-10-23 11:40:53,474] [INFO ] [MSC service thread 1-4] [dk.itst.oiosaml.sp.service.SPFilter] Home url: 
[2020-10-23 11:40:53,484] [INFO ] [MSC service thread 1-4] [dk.itst.oiosaml.sp.service.SPFilter] Assurance level: 2
[2020-10-23 11:40:53,491] [INFO ] [MSC service thread 1-4] [dk.itst.oiosaml.sp.service.SPFilter] SP entity ID: http://saml.localhost/maternity-web
[2020-10-23 11:40:53,496] [INFO ] [MSC service thread 1-4] [dk.itst.oiosaml.sp.service.SPFilter] Base hostname: http://localhost:8280
[2020-10-23 11:40:54,240] [INFO ] [default task-8] [dk.itst.oiosaml.sp.service.session.SessionCleaner] Starting session cleaner
[2020-10-23 11:40:54,609] [INFO ] [default task-8] [dk.itst.oiosaml.sp.service.LoginHandler] Using idp http://fmkwebtest.trifork.netic.dk/idp/saml2/idp/metadata.php at http://fmkwebtest.trifork.netic.dk/idp/saml2/idp/SSOService.php with binding urn:oasis:names:tc:SAML:2.0:bindings:HTTP-Redirect
[2020-10-23 11:40:54,757] [INFO ] [default task-8] [dk.itst.oiosaml.configuration.FileConfiguration] Config filename: /pack/oiosaml/oiosaml-sp.properties
[2020-10-23 11:40:54,768] [INFO ] [default task-8] [dk.itst.oiosaml.configuration.FileConfiguration] Looking in : /pack/oiosaml/oiosaml-sp.properties
[2020-10-23 11:40:54,780] [INFO ] [default task-8] [dk.itst.oiosaml.configuration.FileConfiguration] Config filename: /pack/oiosaml/oiosaml-sp.properties
[2020-10-23 11:40:54,789] [INFO ] [default task-8] [dk.itst.oiosaml.configuration.FileConfiguration] Looking in : /pack/oiosaml/oiosaml-sp.properties
[2020-10-23 11:40:56,028] [INFO ] [default task-9] [dk.itst.oiosaml.configuration.FileConfiguration] Config filename: /pack/oiosaml/oiosaml-sp.properties
[2020-10-23 11:40:56,046] [INFO ] [default task-9] [dk.itst.oiosaml.configuration.FileConfiguration] Looking in : /pack/oiosaml/oiosaml-sp.properties
[2020-10-23 11:40:56,118] [ERROR] [default task-9] [dk.itst.oiosaml.sp.service.DispatcherServlet] Unable to validate Response
java.lang.RuntimeException: Unable to create instance of com.trifork.web.security.SharedSecretHook
	at dk.itst.oiosaml.sp.service.util.Utils.newInstance(Utils.java:291)
	at dk.itst.oiosaml.sp.service.SAMLAssertionConsumerHandler.invokeAuthenticationHandler(SAMLAssertionConsumerHandler.java:205)
	at dk.itst.oiosaml.sp.service.SAMLAssertionConsumerHandler.handleSAMLResponse(SAMLAssertionConsumerHandler.java:171)
	at dk.itst.oiosaml.sp.service.SAMLAssertionConsumerHandler.handlePost(SAMLAssertionConsumerHandler.java:97)
	at dk.itst.oiosaml.sp.service.DispatcherServlet.doPost(DispatcherServlet.java:222)
	at javax.servlet.http.HttpServlet.service(HttpServlet.java:707)
	at javax.servlet.http.HttpServlet.service(HttpServlet.java:790)
	at io.undertow.servlet.handlers.ServletHandler.handleRequest(ServletHandler.java:86)
	at io.undertow.servlet.handlers.FilterHandler$FilterChainImpl.doFilter(FilterHandler.java:130)
	at dk.sds.nsp.maternity.facade.common.servlet.SlaLoggingFilter.doFilter(SlaLoggingFilter.java:25)
	at io.undertow.servlet.core.ManagedFilter.doFilter(ManagedFilter.java:60)
	at io.undertow.servlet.handlers.FilterHandler$FilterChainImpl.doFilter(FilterHandler.java:132)
	at dk.sds.maternity.saml.auth.CustomSPFilter.doFilter(CustomSPFilter.java:128)
	at io.undertow.servlet.core.ManagedFilter.doFilter(ManagedFilter.java:60)
	at io.undertow.servlet.handlers.FilterHandler$FilterChainImpl.doFilter(FilterHandler.java:132)
	at dk.sds.maternity.saml.auth.CustomSPFilter.doFilter(CustomSPFilter.java:128)
	at io.undertow.servlet.core.ManagedFilter.doFilter(ManagedFilter.java:60)
	at io.undertow.servlet.handlers.FilterHandler$FilterChainImpl.doFilter(FilterHandler.java:132)
	at io.undertow.servlet.handlers.FilterHandler.handleRequest(FilterHandler.java:85)
	at io.undertow.servlet.handlers.security.ServletSecurityRoleHandler.handleRequest(ServletSecurityRoleHandler.java:62)
	at io.undertow.servlet.handlers.ServletDispatchingHandler.handleRequest(ServletDispatchingHandler.java:36)
	at org.wildfly.extension.undertow.security.SecurityContextAssociationHandler.handleRequest(SecurityContextAssociationHandler.java:78)
	at io.undertow.server.handlers.PredicateHandler.handleRequest(PredicateHandler.java:43)
	at dk.sds.nsp.accesshandler.NspServletHandler.handleRequest(NspServletHandler.java:122)
	at io.undertow.server.handlers.PathHandler.handleRequest(PathHandler.java:56)
	at io.undertow.servlet.handlers.security.SSLInformationAssociationHandler.handleRequest(SSLInformationAssociationHandler.java:131)
	at io.undertow.servlet.handlers.security.ServletAuthenticationCallHandler.handleRequest(ServletAuthenticationCallHandler.java:57)
	at io.undertow.server.handlers.PredicateHandler.handleRequest(PredicateHandler.java:43)
	at io.undertow.security.handlers.AbstractConfidentialityHandler.handleRequest(AbstractConfidentialityHandler.java:46)
	at io.undertow.servlet.handlers.security.ServletConfidentialityConstraintHandler.handleRequest(ServletConfidentialityConstraintHandler.java:64)
	at io.undertow.security.handlers.AuthenticationMechanismsHandler.handleRequest(AuthenticationMechanismsHandler.java:58)
	at io.undertow.servlet.handlers.security.CachedAuthenticatedSessionHandler.handleRequest(CachedAuthenticatedSessionHandler.java:70)
	at io.undertow.security.handlers.SecurityInitialHandler.handleRequest(SecurityInitialHandler.java:76)
	at io.undertow.server.handlers.PredicateHandler.handleRequest(PredicateHandler.java:43)
	at org.wildfly.extension.undertow.security.jacc.JACCContextIdHandler.handleRequest(JACCContextIdHandler.java:61)
	at io.undertow.server.handlers.PredicateHandler.handleRequest(PredicateHandler.java:43)
	at io.undertow.server.handlers.PredicateHandler.handleRequest(PredicateHandler.java:43)
	at io.undertow.servlet.handlers.ServletInitialHandler.handleFirstRequest(ServletInitialHandler.java:261)
	at io.undertow.servlet.handlers.ServletInitialHandler.dispatchRequest(ServletInitialHandler.java:248)
	at io.undertow.servlet.handlers.ServletInitialHandler.access$000(ServletInitialHandler.java:77)
	at io.undertow.servlet.handlers.ServletInitialHandler$1.handleRequest(ServletInitialHandler.java:167)
	at io.undertow.server.Connectors.executeRootHandler(Connectors.java:199)
	at io.undertow.server.HttpServerExchange$1.run(HttpServerExchange.java:761)
	at java.util.concurrent.ThreadPoolExecutor.runWorker(ThreadPoolExecutor.java:1149)
	at java.util.concurrent.ThreadPoolExecutor$Worker.run(ThreadPoolExecutor.java:624)
	at java.lang.Thread.run(Thread.java:748)
Caused by: java.lang.ClassNotFoundException: com.trifork.web.security.SharedSecretHook from [Module "deployment.facade-web-dev.war:main" from Service Module Loader]
	at org.jboss.modules.ModuleClassLoader.findClass(ModuleClassLoader.java:213)
	at org.jboss.modules.ConcurrentClassLoader.performLoadClassUnchecked(ConcurrentClassLoader.java:459)
	at org.jboss.modules.ConcurrentClassLoader.performLoadClassChecked(ConcurrentClassLoader.java:408)
	at org.jboss.modules.ConcurrentClassLoader.performLoadClass(ConcurrentClassLoader.java:389)
	at org.jboss.modules.ConcurrentClassLoader.loadClass(ConcurrentClassLoader.java:134)
	at java.lang.Class.forName0(Native Method)
	at java.lang.Class.forName(Class.java:264)
	at dk.itst.oiosaml.sp.service.util.Utils.newInstance(Utils.java:287)
	... 45 more
[2020-10-23 11:41:07,711] [INFO ] [default task-10] [dk.itst.oiosaml.sp.service.LoginHandler] Using idp http://fmkwebtest.trifork.netic.dk/idp/saml2/idp/metadata.php at http://fmkwebtest.trifork.netic.dk/idp/saml2/idp/SSOService.php with binding urn:oasis:names:tc:SAML:2.0:bindings:HTTP-Redirect
[2020-10-23 11:41:07,716] [INFO ] [default task-10] [dk.itst.oiosaml.configuration.FileConfiguration] Config filename: /pack/oiosaml/oiosaml-sp.properties
[2020-10-23 11:41:07,720] [INFO ] [default task-10] [dk.itst.oiosaml.configuration.FileConfiguration] Looking in : /pack/oiosaml/oiosaml-sp.properties
[2020-10-23 11:41:07,725] [INFO ] [default task-10] [dk.itst.oiosaml.configuration.FileConfiguration] Config filename: /pack/oiosaml/oiosaml-sp.properties
[2020-10-23 11:41:07,729] [INFO ] [default task-10] [dk.itst.oiosaml.configuration.FileConfiguration] Looking in : /pack/oiosaml/oiosaml-sp.properties
[2020-10-23 11:41:08,328] [INFO ] [default task-11] [dk.itst.oiosaml.sp.service.LoginHandler] Using idp http://fmkwebtest.trifork.netic.dk/idp/saml2/idp/metadata.php at http://fmkwebtest.trifork.netic.dk/idp/saml2/idp/SSOService.php with binding urn:oasis:names:tc:SAML:2.0:bindings:HTTP-Redirect
[2020-10-23 11:41:08,332] [INFO ] [default task-11] [dk.itst.oiosaml.configuration.FileConfiguration] Config filename: /pack/oiosaml/oiosaml-sp.properties
[2020-10-23 11:41:08,337] [INFO ] [default task-11] [dk.itst.oiosaml.configuration.FileConfiguration] Looking in : /pack/oiosaml/oiosaml-sp.properties
[2020-10-23 11:41:08,342] [INFO ] [default task-11] [dk.itst.oiosaml.configuration.FileConfiguration] Config filename: /pack/oiosaml/oiosaml-sp.properties
[2020-10-23 11:41:08,345] [INFO ] [default task-11] [dk.itst.oiosaml.configuration.FileConfiguration] Looking in : /pack/oiosaml/oiosaml-sp.properties
[2020-10-23 11:41:08,570] [ERROR] [default task-12] [dk.itst.oiosaml.sp.service.DispatcherServlet] Unable to validate Response
java.lang.RuntimeException: Unable to create instance of com.trifork.web.security.SharedSecretHook
	at dk.itst.oiosaml.sp.service.util.Utils.newInstance(Utils.java:291)
	at dk.itst.oiosaml.sp.service.SAMLAssertionConsumerHandler.invokeAuthenticationHandler(SAMLAssertionConsumerHandler.java:205)
	at dk.itst.oiosaml.sp.service.SAMLAssertionConsumerHandler.handleSAMLResponse(SAMLAssertionConsumerHandler.java:171)
	at dk.itst.oiosaml.sp.service.SAMLAssertionConsumerHandler.handlePost(SAMLAssertionConsumerHandler.java:97)
	at dk.itst.oiosaml.sp.service.DispatcherServlet.doPost(DispatcherServlet.java:222)
	at javax.servlet.http.HttpServlet.service(HttpServlet.java:707)
	at javax.servlet.http.HttpServlet.service(HttpServlet.java:790)
	at io.undertow.servlet.handlers.ServletHandler.handleRequest(ServletHandler.java:86)
	at io.undertow.servlet.handlers.FilterHandler$FilterChainImpl.doFilter(FilterHandler.java:130)
	at dk.sds.nsp.maternity.facade.common.servlet.SlaLoggingFilter.doFilter(SlaLoggingFilter.java:25)
	at io.undertow.servlet.core.ManagedFilter.doFilter(ManagedFilter.java:60)
	at io.undertow.servlet.handlers.FilterHandler$FilterChainImpl.doFilter(FilterHandler.java:132)
	at dk.sds.maternity.saml.auth.CustomSPFilter.doFilter(CustomSPFilter.java:128)
	at io.undertow.servlet.core.ManagedFilter.doFilter(ManagedFilter.java:60)
	at io.undertow.servlet.handlers.FilterHandler$FilterChainImpl.doFilter(FilterHandler.java:132)
	at dk.sds.maternity.saml.auth.CustomSPFilter.doFilter(CustomSPFilter.java:128)
	at io.undertow.servlet.core.ManagedFilter.doFilter(ManagedFilter.java:60)
	at io.undertow.servlet.handlers.FilterHandler$FilterChainImpl.doFilter(FilterHandler.java:132)
	at io.undertow.servlet.handlers.FilterHandler.handleRequest(FilterHandler.java:85)
	at io.undertow.servlet.handlers.security.ServletSecurityRoleHandler.handleRequest(ServletSecurityRoleHandler.java:62)
	at io.undertow.servlet.handlers.ServletDispatchingHandler.handleRequest(ServletDispatchingHandler.java:36)
	at org.wildfly.extension.undertow.security.SecurityContextAssociationHandler.handleRequest(SecurityContextAssociationHandler.java:78)
	at io.undertow.server.handlers.PredicateHandler.handleRequest(PredicateHandler.java:43)
	at dk.sds.nsp.accesshandler.NspServletHandler.handleRequest(NspServletHandler.java:122)
	at io.undertow.server.handlers.PathHandler.handleRequest(PathHandler.java:56)
	at io.undertow.servlet.handlers.security.SSLInformationAssociationHandler.handleRequest(SSLInformationAssociationHandler.java:131)
	at io.undertow.servlet.handlers.security.ServletAuthenticationCallHandler.handleRequest(ServletAuthenticationCallHandler.java:57)
	at io.undertow.server.handlers.PredicateHandler.handleRequest(PredicateHandler.java:43)
	at io.undertow.security.handlers.AbstractConfidentialityHandler.handleRequest(AbstractConfidentialityHandler.java:46)
	at io.undertow.servlet.handlers.security.ServletConfidentialityConstraintHandler.handleRequest(ServletConfidentialityConstraintHandler.java:64)
	at io.undertow.security.handlers.AuthenticationMechanismsHandler.handleRequest(AuthenticationMechanismsHandler.java:58)
	at io.undertow.servlet.handlers.security.CachedAuthenticatedSessionHandler.handleRequest(CachedAuthenticatedSessionHandler.java:70)
	at io.undertow.security.handlers.SecurityInitialHandler.handleRequest(SecurityInitialHandler.java:76)
	at io.undertow.server.handlers.PredicateHandler.handleRequest(PredicateHandler.java:43)
	at org.wildfly.extension.undertow.security.jacc.JACCContextIdHandler.handleRequest(JACCContextIdHandler.java:61)
	at io.undertow.server.handlers.PredicateHandler.handleRequest(PredicateHandler.java:43)
	at io.undertow.server.handlers.PredicateHandler.handleRequest(PredicateHandler.java:43)
	at io.undertow.servlet.handlers.ServletInitialHandler.handleFirstRequest(ServletInitialHandler.java:261)
	at io.undertow.servlet.handlers.ServletInitialHandler.dispatchRequest(ServletInitialHandler.java:248)
	at io.undertow.servlet.handlers.ServletInitialHandler.access$000(ServletInitialHandler.java:77)
	at io.undertow.servlet.handlers.ServletInitialHandler$1.handleRequest(ServletInitialHandler.java:167)
	at io.undertow.server.Connectors.executeRootHandler(Connectors.java:199)
	at io.undertow.server.HttpServerExchange$1.run(HttpServerExchange.java:761)
	at java.util.concurrent.ThreadPoolExecutor.runWorker(ThreadPoolExecutor.java:1149)
	at java.util.concurrent.ThreadPoolExecutor$Worker.run(ThreadPoolExecutor.java:624)
	at java.lang.Thread.run(Thread.java:748)
Caused by: java.lang.ClassNotFoundException: com.trifork.web.security.SharedSecretHook from [Module "deployment.facade-web-dev.war:main" from Service Module Loader]
	at org.jboss.modules.ModuleClassLoader.findClass(ModuleClassLoader.java:213)
	at org.jboss.modules.ConcurrentClassLoader.performLoadClassUnchecked(ConcurrentClassLoader.java:459)
	at org.jboss.modules.ConcurrentClassLoader.performLoadClassChecked(ConcurrentClassLoader.java:408)
	at org.jboss.modules.ConcurrentClassLoader.performLoadClass(ConcurrentClassLoader.java:389)
	at org.jboss.modules.ConcurrentClassLoader.loadClass(ConcurrentClassLoader.java:134)
	at java.lang.Class.forName0(Native Method)
	at java.lang.Class.forName(Class.java:264)
	at dk.itst.oiosaml.sp.service.util.Utils.newInstance(Utils.java:287)
	... 45 more
[2020-10-23 11:42:59,958] [INFO ] [MSC service thread 1-12] [dk.itst.oiosaml.configuration.FileConfiguration] Config filename: /pack/oiosaml/oiosaml-sp.properties
[2020-10-23 11:42:59,961] [INFO ] [MSC service thread 1-12] [dk.itst.oiosaml.configuration.FileConfiguration] Looking in : /pack/oiosaml/oiosaml-sp.properties
[2020-10-23 11:42:59,967] [WARN ] [MSC service thread 1-12] [dk.itst.oiosaml.sp.service.SPFilter] Revocation check of IdP certificates has been disabled. All certificates including self signed certificates will be considered valid.
[2020-10-23 11:42:59,980] [INFO ] [MSC service thread 1-12] [dk.itst.oiosaml.configuration.FileConfiguration] Loading urn:oasis:names:tc:SAML:2.0:protocol metadata from /pack/oiosaml/./metadata/IdP/IdPMetadata.xml
[2020-10-23 11:43:00,183] [INFO ] [MSC service thread 1-12] [dk.itst.oiosaml.sp.service.SPFilter] Discovery profile disabled, only one metadata file found
[2020-10-23 11:43:00,228] [INFO ] [MSC service thread 1-12] [dk.itst.oiosaml.sp.service.SPFilter] Home url: 
[2020-10-23 11:43:00,232] [INFO ] [MSC service thread 1-12] [dk.itst.oiosaml.sp.service.SPFilter] Assurance level: 2
[2020-10-23 11:43:00,234] [INFO ] [MSC service thread 1-12] [dk.itst.oiosaml.sp.service.SPFilter] SP entity ID: http://saml.localhost/maternity-web
[2020-10-23 11:43:00,237] [INFO ] [MSC service thread 1-12] [dk.itst.oiosaml.sp.service.SPFilter] Base hostname: http://localhost:8280
[2020-10-23 11:43:30,143] [INFO ] [default task-1] [dk.itst.oiosaml.sp.service.session.SessionCleaner] Starting session cleaner
[2020-10-23 11:43:30,391] [INFO ] [default task-1] [dk.itst.oiosaml.sp.service.LoginHandler] Using idp http://fmkwebtest.trifork.netic.dk/idp/saml2/idp/metadata.php at http://fmkwebtest.trifork.netic.dk/idp/saml2/idp/SSOService.php with binding urn:oasis:names:tc:SAML:2.0:bindings:HTTP-Redirect
[2020-10-23 11:43:30,483] [INFO ] [default task-1] [dk.itst.oiosaml.configuration.FileConfiguration] Config filename: /pack/oiosaml/oiosaml-sp.properties
[2020-10-23 11:43:30,487] [INFO ] [default task-1] [dk.itst.oiosaml.configuration.FileConfiguration] Looking in : /pack/oiosaml/oiosaml-sp.properties
[2020-10-23 11:43:30,492] [INFO ] [default task-1] [dk.itst.oiosaml.configuration.FileConfiguration] Config filename: /pack/oiosaml/oiosaml-sp.properties
[2020-10-23 11:43:30,497] [INFO ] [default task-1] [dk.itst.oiosaml.configuration.FileConfiguration] Looking in : /pack/oiosaml/oiosaml-sp.properties
[2020-10-23 11:43:30,936] [INFO ] [default task-2] [dk.itst.oiosaml.configuration.FileConfiguration] Config filename: /pack/oiosaml/oiosaml-sp.properties
[2020-10-23 11:43:30,939] [INFO ] [default task-2] [dk.itst.oiosaml.configuration.FileConfiguration] Looking in : /pack/oiosaml/oiosaml-sp.properties
[2020-10-23 11:44:02,934] [INFO ] [default task-8] [dk.itst.oiosaml.sp.service.LoginHandler] Using idp http://fmkwebtest.trifork.netic.dk/idp/saml2/idp/metadata.php at http://fmkwebtest.trifork.netic.dk/idp/saml2/idp/SSOService.php with binding urn:oasis:names:tc:SAML:2.0:bindings:HTTP-Redirect
[2020-10-23 11:44:02,939] [INFO ] [default task-8] [dk.itst.oiosaml.configuration.FileConfiguration] Config filename: /pack/oiosaml/oiosaml-sp.properties
[2020-10-23 11:44:02,942] [INFO ] [default task-8] [dk.itst.oiosaml.configuration.FileConfiguration] Looking in : /pack/oiosaml/oiosaml-sp.properties
[2020-10-23 11:44:02,947] [INFO ] [default task-8] [dk.itst.oiosaml.configuration.FileConfiguration] Config filename: /pack/oiosaml/oiosaml-sp.properties
[2020-10-23 11:44:02,951] [INFO ] [default task-8] [dk.itst.oiosaml.configuration.FileConfiguration] Looking in : /pack/oiosaml/oiosaml-sp.properties
[2020-10-23 11:48:06,997] [INFO ] [default task-13] [dk.itst.oiosaml.sp.service.LoginHandler] Using idp http://fmkwebtest.trifork.netic.dk/idp/saml2/idp/metadata.php at http://fmkwebtest.trifork.netic.dk/idp/saml2/idp/SSOService.php with binding urn:oasis:names:tc:SAML:2.0:bindings:HTTP-Redirect
[2020-10-23 11:48:07,010] [INFO ] [default task-13] [dk.itst.oiosaml.configuration.FileConfiguration] Config filename: /pack/oiosaml/oiosaml-sp.properties
[2020-10-23 11:48:07,014] [INFO ] [default task-13] [dk.itst.oiosaml.configuration.FileConfiguration] Looking in : /pack/oiosaml/oiosaml-sp.properties
[2020-10-23 11:48:07,017] [INFO ] [default task-13] [dk.itst.oiosaml.configuration.FileConfiguration] Config filename: /pack/oiosaml/oiosaml-sp.properties
[2020-10-23 11:48:07,020] [INFO ] [default task-13] [dk.itst.oiosaml.configuration.FileConfiguration] Looking in : /pack/oiosaml/oiosaml-sp.properties
[2020-10-23 11:48:07,106] [INFO ] [default task-14] [dk.itst.oiosaml.sp.service.LoginHandler] Using idp http://fmkwebtest.trifork.netic.dk/idp/saml2/idp/metadata.php at http://fmkwebtest.trifork.netic.dk/idp/saml2/idp/SSOService.php with binding urn:oasis:names:tc:SAML:2.0:bindings:HTTP-Redirect
[2020-10-23 11:48:07,113] [INFO ] [default task-14] [dk.itst.oiosaml.configuration.FileConfiguration] Config filename: /pack/oiosaml/oiosaml-sp.properties
[2020-10-23 11:48:07,117] [INFO ] [default task-14] [dk.itst.oiosaml.configuration.FileConfiguration] Looking in : /pack/oiosaml/oiosaml-sp.properties
[2020-10-23 11:48:07,128] [INFO ] [default task-14] [dk.itst.oiosaml.configuration.FileConfiguration] Config filename: /pack/oiosaml/oiosaml-sp.properties
[2020-10-23 11:48:07,131] [INFO ] [default task-14] [dk.itst.oiosaml.configuration.FileConfiguration] Looking in : /pack/oiosaml/oiosaml-sp.properties
[2020-10-23 13:07:35,488] [INFO ] [default task-21] [dk.itst.oiosaml.sp.service.LoginHandler] Using idp http://fmkwebtest.trifork.netic.dk/idp/saml2/idp/metadata.php at http://fmkwebtest.trifork.netic.dk/idp/saml2/idp/SSOService.php with binding urn:oasis:names:tc:SAML:2.0:bindings:HTTP-Redirect
[2020-10-23 13:07:35,515] [INFO ] [default task-21] [dk.itst.oiosaml.configuration.FileConfiguration] Config filename: /pack/oiosaml/oiosaml-sp.properties
[2020-10-23 13:07:35,517] [INFO ] [default task-21] [dk.itst.oiosaml.configuration.FileConfiguration] Looking in : /pack/oiosaml/oiosaml-sp.properties
[2020-10-23 13:07:35,520] [INFO ] [default task-21] [dk.itst.oiosaml.configuration.FileConfiguration] Config filename: /pack/oiosaml/oiosaml-sp.properties
[2020-10-23 13:07:35,522] [INFO ] [default task-21] [dk.itst.oiosaml.configuration.FileConfiguration] Looking in : /pack/oiosaml/oiosaml-sp.properties
[2020-10-23 13:39:26,106] [INFO ] [default task-26] [dk.itst.oiosaml.sp.service.LoginHandler] Using idp http://fmkwebtest.trifork.netic.dk/idp/saml2/idp/metadata.php at http://fmkwebtest.trifork.netic.dk/idp/saml2/idp/SSOService.php with binding urn:oasis:names:tc:SAML:2.0:bindings:HTTP-Redirect
[2020-10-23 13:39:26,114] [INFO ] [default task-26] [dk.itst.oiosaml.configuration.FileConfiguration] Config filename: /pack/oiosaml/oiosaml-sp.properties
[2020-10-23 13:39:26,117] [INFO ] [default task-26] [dk.itst.oiosaml.configuration.FileConfiguration] Looking in : /pack/oiosaml/oiosaml-sp.properties
[2020-10-23 13:39:26,121] [INFO ] [default task-26] [dk.itst.oiosaml.configuration.FileConfiguration] Config filename: /pack/oiosaml/oiosaml-sp.properties
[2020-10-23 13:39:26,124] [INFO ] [default task-26] [dk.itst.oiosaml.configuration.FileConfiguration] Looking in : /pack/oiosaml/oiosaml-sp.properties
[2020-10-23 13:57:51,011] [INFO ] [default task-29] [dk.itst.oiosaml.sp.service.LoginHandler] Using idp http://fmkwebtest.trifork.netic.dk/idp/saml2/idp/metadata.php at http://fmkwebtest.trifork.netic.dk/idp/saml2/idp/SSOService.php with binding urn:oasis:names:tc:SAML:2.0:bindings:HTTP-Redirect
[2020-10-23 13:57:51,012] [INFO ] [default task-30] [dk.itst.oiosaml.sp.service.LoginHandler] Using idp http://fmkwebtest.trifork.netic.dk/idp/saml2/idp/metadata.php at http://fmkwebtest.trifork.netic.dk/idp/saml2/idp/SSOService.php with binding urn:oasis:names:tc:SAML:2.0:bindings:HTTP-Redirect
[2020-10-23 13:57:51,017] [INFO ] [default task-32] [dk.itst.oiosaml.sp.service.LoginHandler] Using idp http://fmkwebtest.trifork.netic.dk/idp/saml2/idp/metadata.php at http://fmkwebtest.trifork.netic.dk/idp/saml2/idp/SSOService.php with binding urn:oasis:names:tc:SAML:2.0:bindings:HTTP-Redirect
[2020-10-23 13:57:51,022] [INFO ] [default task-30] [dk.itst.oiosaml.configuration.FileConfiguration] Config filename: /pack/oiosaml/oiosaml-sp.properties
[2020-10-23 13:57:51,015] [INFO ] [default task-31] [dk.itst.oiosaml.sp.service.LoginHandler] Using idp http://fmkwebtest.trifork.netic.dk/idp/saml2/idp/metadata.php at http://fmkwebtest.trifork.netic.dk/idp/saml2/idp/SSOService.php with binding urn:oasis:names:tc:SAML:2.0:bindings:HTTP-Redirect
[2020-10-23 13:57:51,032] [INFO ] [default task-31] [dk.itst.oiosaml.configuration.FileConfiguration] Config filename: /pack/oiosaml/oiosaml-sp.properties
[2020-10-23 13:57:51,035] [INFO ] [default task-31] [dk.itst.oiosaml.configuration.FileConfiguration] Looking in : /pack/oiosaml/oiosaml-sp.properties
[2020-10-23 13:57:51,016] [INFO ] [default task-29] [dk.itst.oiosaml.configuration.FileConfiguration] Config filename: /pack/oiosaml/oiosaml-sp.properties
[2020-10-23 13:57:51,037] [INFO ] [default task-31] [dk.itst.oiosaml.configuration.FileConfiguration] Config filename: /pack/oiosaml/oiosaml-sp.properties
[2020-10-23 13:57:51,036] [INFO ] [default task-33] [dk.itst.oiosaml.sp.service.LoginHandler] Using idp http://fmkwebtest.trifork.netic.dk/idp/saml2/idp/metadata.php at http://fmkwebtest.trifork.netic.dk/idp/saml2/idp/SSOService.php with binding urn:oasis:names:tc:SAML:2.0:bindings:HTTP-Redirect
[2020-10-23 13:57:51,028] [INFO ] [default task-30] [dk.itst.oiosaml.configuration.FileConfiguration] Looking in : /pack/oiosaml/oiosaml-sp.properties
[2020-10-23 13:57:51,023] [INFO ] [default task-32] [dk.itst.oiosaml.configuration.FileConfiguration] Config filename: /pack/oiosaml/oiosaml-sp.properties
[2020-10-23 13:57:51,052] [INFO ] [default task-30] [dk.itst.oiosaml.configuration.FileConfiguration] Config filename: /pack/oiosaml/oiosaml-sp.properties
[2020-10-23 13:57:51,049] [INFO ] [default task-33] [dk.itst.oiosaml.configuration.FileConfiguration] Config filename: /pack/oiosaml/oiosaml-sp.properties
[2020-10-23 13:57:51,047] [INFO ] [default task-31] [dk.itst.oiosaml.configuration.FileConfiguration] Looking in : /pack/oiosaml/oiosaml-sp.properties
[2020-10-23 13:57:51,046] [INFO ] [default task-29] [dk.itst.oiosaml.configuration.FileConfiguration] Looking in : /pack/oiosaml/oiosaml-sp.properties
[2020-10-23 13:57:51,056] [INFO ] [default task-33] [dk.itst.oiosaml.configuration.FileConfiguration] Looking in : /pack/oiosaml/oiosaml-sp.properties
[2020-10-23 13:57:51,054] [INFO ] [default task-30] [dk.itst.oiosaml.configuration.FileConfiguration] Looking in : /pack/oiosaml/oiosaml-sp.properties
[2020-10-23 13:57:51,053] [INFO ] [default task-32] [dk.itst.oiosaml.configuration.FileConfiguration] Looking in : /pack/oiosaml/oiosaml-sp.properties
[2020-10-23 13:57:51,065] [INFO ] [default task-33] [dk.itst.oiosaml.configuration.FileConfiguration] Config filename: /pack/oiosaml/oiosaml-sp.properties
[2020-10-23 13:57:51,062] [INFO ] [default task-29] [dk.itst.oiosaml.configuration.FileConfiguration] Config filename: /pack/oiosaml/oiosaml-sp.properties
[2020-10-23 13:57:51,073] [INFO ] [default task-33] [dk.itst.oiosaml.configuration.FileConfiguration] Looking in : /pack/oiosaml/oiosaml-sp.properties
[2020-10-23 13:57:51,070] [INFO ] [default task-32] [dk.itst.oiosaml.configuration.FileConfiguration] Config filename: /pack/oiosaml/oiosaml-sp.properties
[2020-10-23 13:57:51,078] [INFO ] [default task-29] [dk.itst.oiosaml.configuration.FileConfiguration] Looking in : /pack/oiosaml/oiosaml-sp.properties
[2020-10-23 13:57:51,083] [INFO ] [default task-32] [dk.itst.oiosaml.configuration.FileConfiguration] Looking in : /pack/oiosaml/oiosaml-sp.properties
[2020-10-26 12:42:08,843] [INFO ] [MSC service thread 1-4] [dk.itst.oiosaml.configuration.FileConfiguration] Config filename: /pack/oiosaml/oiosaml-sp.properties
[2020-10-26 12:42:08,846] [INFO ] [MSC service thread 1-4] [dk.itst.oiosaml.configuration.FileConfiguration] Looking in : /pack/oiosaml/oiosaml-sp.properties
[2020-10-26 12:42:08,850] [WARN ] [MSC service thread 1-4] [dk.itst.oiosaml.sp.service.SPFilter] Revocation check of IdP certificates has been disabled. All certificates including self signed certificates will be considered valid.
[2020-10-26 12:42:08,856] [INFO ] [MSC service thread 1-4] [dk.itst.oiosaml.configuration.FileConfiguration] Loading urn:oasis:names:tc:SAML:2.0:protocol metadata from /pack/oiosaml/./metadata/IdP/IdPMetadata.xml
[2020-10-26 12:42:09,031] [INFO ] [MSC service thread 1-4] [dk.itst.oiosaml.sp.service.SPFilter] Discovery profile disabled, only one metadata file found
[2020-10-26 12:42:09,082] [INFO ] [MSC service thread 1-4] [dk.itst.oiosaml.sp.service.SPFilter] Home url: 
[2020-10-26 12:42:09,085] [INFO ] [MSC service thread 1-4] [dk.itst.oiosaml.sp.service.SPFilter] Assurance level: 2
[2020-10-26 12:42:09,088] [INFO ] [MSC service thread 1-4] [dk.itst.oiosaml.sp.service.SPFilter] SP entity ID: http://saml.localhost/maternity-web
[2020-10-26 12:42:09,091] [INFO ] [MSC service thread 1-4] [dk.itst.oiosaml.sp.service.SPFilter] Base hostname: http://localhost:8280
[2020-10-26 12:43:02,762] [INFO ] [default task-1] [dk.itst.oiosaml.sp.service.session.SessionCleaner] Starting session cleaner
[2020-10-26 12:43:02,918] [INFO ] [default task-1] [dk.itst.oiosaml.sp.service.LoginHandler] Using idp http://fmkwebtest.trifork.netic.dk/idp/saml2/idp/metadata.php at http://fmkwebtest.trifork.netic.dk/idp/saml2/idp/SSOService.php with binding urn:oasis:names:tc:SAML:2.0:bindings:HTTP-Redirect
[2020-10-26 12:43:02,979] [INFO ] [default task-1] [dk.itst.oiosaml.configuration.FileConfiguration] Config filename: /pack/oiosaml/oiosaml-sp.properties
[2020-10-26 12:43:02,984] [INFO ] [default task-1] [dk.itst.oiosaml.configuration.FileConfiguration] Looking in : /pack/oiosaml/oiosaml-sp.properties
[2020-10-26 12:43:02,988] [INFO ] [default task-1] [dk.itst.oiosaml.configuration.FileConfiguration] Config filename: /pack/oiosaml/oiosaml-sp.properties
[2020-10-26 12:43:02,991] [INFO ] [default task-1] [dk.itst.oiosaml.configuration.FileConfiguration] Looking in : /pack/oiosaml/oiosaml-sp.properties
[2020-10-26 12:43:03,309] [INFO ] [default task-2] [dk.itst.oiosaml.sp.service.LoginHandler] Using idp http://fmkwebtest.trifork.netic.dk/idp/saml2/idp/metadata.php at http://fmkwebtest.trifork.netic.dk/idp/saml2/idp/SSOService.php with binding urn:oasis:names:tc:SAML:2.0:bindings:HTTP-Redirect
[2020-10-26 12:43:03,314] [INFO ] [default task-2] [dk.itst.oiosaml.configuration.FileConfiguration] Config filename: /pack/oiosaml/oiosaml-sp.properties
[2020-10-26 12:43:03,321] [INFO ] [default task-2] [dk.itst.oiosaml.configuration.FileConfiguration] Looking in : /pack/oiosaml/oiosaml-sp.properties
[2020-10-26 12:43:03,324] [INFO ] [default task-2] [dk.itst.oiosaml.configuration.FileConfiguration] Config filename: /pack/oiosaml/oiosaml-sp.properties
[2020-10-26 12:43:03,327] [INFO ] [default task-2] [dk.itst.oiosaml.configuration.FileConfiguration] Looking in : /pack/oiosaml/oiosaml-sp.properties
[2020-10-26 12:43:10,251] [INFO ] [default task-3] [dk.itst.oiosaml.sp.service.LoginHandler] Using idp http://fmkwebtest.trifork.netic.dk/idp/saml2/idp/metadata.php at http://fmkwebtest.trifork.netic.dk/idp/saml2/idp/SSOService.php with binding urn:oasis:names:tc:SAML:2.0:bindings:HTTP-Redirect
[2020-10-26 12:43:10,255] [INFO ] [default task-3] [dk.itst.oiosaml.configuration.FileConfiguration] Config filename: /pack/oiosaml/oiosaml-sp.properties
[2020-10-26 12:43:10,258] [INFO ] [default task-3] [dk.itst.oiosaml.configuration.FileConfiguration] Looking in : /pack/oiosaml/oiosaml-sp.properties
[2020-10-26 12:43:10,261] [INFO ] [default task-3] [dk.itst.oiosaml.configuration.FileConfiguration] Config filename: /pack/oiosaml/oiosaml-sp.properties
[2020-10-26 12:43:10,264] [INFO ] [default task-3] [dk.itst.oiosaml.configuration.FileConfiguration] Looking in : /pack/oiosaml/oiosaml-sp.properties
[2020-10-26 12:43:10,451] [INFO ] [default task-4] [dk.itst.oiosaml.sp.service.LoginHandler] Using idp http://fmkwebtest.trifork.netic.dk/idp/saml2/idp/metadata.php at http://fmkwebtest.trifork.netic.dk/idp/saml2/idp/SSOService.php with binding urn:oasis:names:tc:SAML:2.0:bindings:HTTP-Redirect
[2020-10-26 12:43:10,455] [INFO ] [default task-4] [dk.itst.oiosaml.configuration.FileConfiguration] Config filename: /pack/oiosaml/oiosaml-sp.properties
[2020-10-26 12:43:10,457] [INFO ] [default task-4] [dk.itst.oiosaml.configuration.FileConfiguration] Looking in : /pack/oiosaml/oiosaml-sp.properties
[2020-10-26 12:43:10,461] [INFO ] [default task-4] [dk.itst.oiosaml.configuration.FileConfiguration] Config filename: /pack/oiosaml/oiosaml-sp.properties
[2020-10-26 12:43:10,464] [INFO ] [default task-4] [dk.itst.oiosaml.configuration.FileConfiguration] Looking in : /pack/oiosaml/oiosaml-sp.properties
[2020-10-26 12:43:36,618] [INFO ] [default task-5] [dk.itst.oiosaml.configuration.FileConfiguration] Config filename: /pack/oiosaml/oiosaml-sp.properties
[2020-10-26 12:43:36,623] [INFO ] [default task-5] [dk.itst.oiosaml.configuration.FileConfiguration] Looking in : /pack/oiosaml/oiosaml-sp.properties
[2020-10-27 11:52:57,380] [INFO ] [default task-11] [dk.itst.oiosaml.sp.service.LoginHandler] Using idp http://fmkwebtest.trifork.netic.dk/idp/saml2/idp/metadata.php at http://fmkwebtest.trifork.netic.dk/idp/saml2/idp/SSOService.php with binding urn:oasis:names:tc:SAML:2.0:bindings:HTTP-Redirect
[2020-10-27 11:52:57,547] [INFO ] [default task-11] [dk.itst.oiosaml.configuration.FileConfiguration] Config filename: /pack/oiosaml/oiosaml-sp.properties
[2020-10-27 11:52:57,551] [INFO ] [default task-11] [dk.itst.oiosaml.configuration.FileConfiguration] Looking in : /pack/oiosaml/oiosaml-sp.properties
[2020-10-27 11:52:57,557] [INFO ] [default task-11] [dk.itst.oiosaml.configuration.FileConfiguration] Config filename: /pack/oiosaml/oiosaml-sp.properties
[2020-10-27 11:52:57,560] [INFO ] [default task-11] [dk.itst.oiosaml.configuration.FileConfiguration] Looking in : /pack/oiosaml/oiosaml-sp.properties
[2020-10-27 11:54:15,400] [INFO ] [default task-12] [dk.itst.oiosaml.sp.service.LoginHandler] Using idp http://fmkwebtest.trifork.netic.dk/idp/saml2/idp/metadata.php at http://fmkwebtest.trifork.netic.dk/idp/saml2/idp/SSOService.php with binding urn:oasis:names:tc:SAML:2.0:bindings:HTTP-Redirect
[2020-10-27 11:54:15,404] [INFO ] [default task-12] [dk.itst.oiosaml.configuration.FileConfiguration] Config filename: /pack/oiosaml/oiosaml-sp.properties
[2020-10-27 11:54:15,411] [INFO ] [default task-12] [dk.itst.oiosaml.configuration.FileConfiguration] Looking in : /pack/oiosaml/oiosaml-sp.properties
[2020-10-27 11:54:15,415] [INFO ] [default task-12] [dk.itst.oiosaml.configuration.FileConfiguration] Config filename: /pack/oiosaml/oiosaml-sp.properties
[2020-10-27 11:54:15,418] [INFO ] [default task-12] [dk.itst.oiosaml.configuration.FileConfiguration] Looking in : /pack/oiosaml/oiosaml-sp.properties
[2020-10-27 11:54:15,578] [INFO ] [default task-13] [dk.itst.oiosaml.sp.service.LoginHandler] Using idp http://fmkwebtest.trifork.netic.dk/idp/saml2/idp/metadata.php at http://fmkwebtest.trifork.netic.dk/idp/saml2/idp/SSOService.php with binding urn:oasis:names:tc:SAML:2.0:bindings:HTTP-Redirect
[2020-10-27 11:54:15,582] [INFO ] [default task-13] [dk.itst.oiosaml.configuration.FileConfiguration] Config filename: /pack/oiosaml/oiosaml-sp.properties
[2020-10-27 11:54:15,584] [INFO ] [default task-13] [dk.itst.oiosaml.configuration.FileConfiguration] Looking in : /pack/oiosaml/oiosaml-sp.properties
[2020-10-27 11:54:15,587] [INFO ] [default task-13] [dk.itst.oiosaml.configuration.FileConfiguration] Config filename: /pack/oiosaml/oiosaml-sp.properties
[2020-10-27 11:54:15,589] [INFO ] [default task-13] [dk.itst.oiosaml.configuration.FileConfiguration] Looking in : /pack/oiosaml/oiosaml-sp.properties
[2020-10-27 11:54:50,829] [INFO ] [default task-19] [dk.itst.oiosaml.sp.service.LoginHandler] Using idp http://fmkwebtest.trifork.netic.dk/idp/saml2/idp/metadata.php at http://fmkwebtest.trifork.netic.dk/idp/saml2/idp/SSOService.php with binding urn:oasis:names:tc:SAML:2.0:bindings:HTTP-Redirect
[2020-10-27 11:54:50,832] [INFO ] [default task-19] [dk.itst.oiosaml.configuration.FileConfiguration] Config filename: /pack/oiosaml/oiosaml-sp.properties
[2020-10-27 11:54:50,835] [INFO ] [default task-19] [dk.itst.oiosaml.configuration.FileConfiguration] Looking in : /pack/oiosaml/oiosaml-sp.properties
[2020-10-27 11:54:50,837] [INFO ] [default task-19] [dk.itst.oiosaml.configuration.FileConfiguration] Config filename: /pack/oiosaml/oiosaml-sp.properties
[2020-10-27 11:54:50,839] [INFO ] [default task-19] [dk.itst.oiosaml.configuration.FileConfiguration] Looking in : /pack/oiosaml/oiosaml-sp.properties
[2020-10-27 11:54:57,959] [INFO ] [default task-22] [dk.itst.oiosaml.sp.service.LoginHandler] Using idp http://fmkwebtest.trifork.netic.dk/idp/saml2/idp/metadata.php at http://fmkwebtest.trifork.netic.dk/idp/saml2/idp/SSOService.php with binding urn:oasis:names:tc:SAML:2.0:bindings:HTTP-Redirect
[2020-10-27 11:54:57,962] [INFO ] [default task-22] [dk.itst.oiosaml.configuration.FileConfiguration] Config filename: /pack/oiosaml/oiosaml-sp.properties
[2020-10-27 11:54:57,964] [INFO ] [default task-22] [dk.itst.oiosaml.configuration.FileConfiguration] Looking in : /pack/oiosaml/oiosaml-sp.properties
[2020-10-27 11:54:57,968] [INFO ] [default task-22] [dk.itst.oiosaml.configuration.FileConfiguration] Config filename: /pack/oiosaml/oiosaml-sp.properties
[2020-10-27 11:54:57,972] [INFO ] [default task-22] [dk.itst.oiosaml.configuration.FileConfiguration] Looking in : /pack/oiosaml/oiosaml-sp.properties
